<?xml version="1.0" encoding="UTF-8"?>
<testsuite xmlns:xsi="http://www.w3.org/2001/XMLSchema-instance" xsi:noNamespaceSchemaLocation="https://maven.apache.org/surefire/maven-surefire-plugin/xsd/surefire-test-report-3.0.xsd" version="3.0" name="br.Insper.Prova.ProvaApplicationTests" time="1.455" tests="1" errors="0" skipped="0" failures="0">
  <properties>
[...]
</properties>
  <testcase name="contextLoads" classname="br.Insper.Prova.ProvaApplicationTests" time="0.406">
    <system-out><![CDATA[12:49:50.679 [main] INFO org.springframework.test.context.support.AnnotationConfigContextLoaderUtils -- Could not detect default configuration classes for test class [br.Insper.Prova.ProvaApplicationTests]: ProvaApplicationTests does not declare any static, non-private, non-final, nested classes annotated with @Configuration.
12:49:50.720 [main] INFO org.springframework.boot.test.context.SpringBootTestContextBootstrapper -- Found @SpringBootConfiguration br.Insper.Prova.ProvaApplication for test class br.Insper.Prova.ProvaApplicationTests
12:49:50.782 [main] INFO org.springframework.boot.devtools.restart.RestartApplicationListener -- Restart disabled due to context in which it is running

  .   ____          _            __ _ _
 /\\ / ___'_ __ _ _(_)_ __  __ _ \ \ \ \
( ( )\___ | '_ | '_| | '_ \/ _` | \ \ \ \
 \\/  ___)| |_)| | | | | || (_| |  ) ) ) )
  '  |____| .__|_| |_|_| |_\__, | / / / /
 =========|_|==============|___/=/_/_/_/

 :: Spring Boot ::                (v3.3.3)

2024-09-16T12:49:50.908-03:00  INFO 4084 --- [Prova] [           main] br.Insper.Prova.ProvaApplicationTests    : Starting ProvaApplicationTests using Java 22.0.2 with PID 4084 (started by gabrielmendes in /Users/gabrielmendes/Documents/Prova)
2024-09-16T12:49:50.909-03:00  INFO 4084 --- [Prova] [           main] br.Insper.Prova.ProvaApplicationTests    : No active profile set, falling back to 1 default profile: "default"
2024-09-16T12:49:51.135-03:00  INFO 4084 --- [Prova] [           main] .s.d.r.c.RepositoryConfigurationDelegate : Bootstrapping Spring Data MongoDB repositories in DEFAULT mode.
2024-09-16T12:49:51.154-03:00  INFO 4084 --- [Prova] [           main] .s.d.r.c.RepositoryConfigurationDelegate : Finished Spring Data repository scanning in 17 ms. Found 1 MongoDB repository interface.
2024-09-16T12:49:51.334-03:00  INFO 4084 --- [Prova] [           main] org.mongodb.driver.client                : MongoClient with metadata {"application": {"name": "Database"}, "driver": {"name": "mongo-java-driver|sync|spring-boot", "version": "5.0.1"}, "os": {"type": "Darwin", "name": "Mac OS X", "architecture": "aarch64", "version": "15.1"}, "platform": "Java/Oracle Corporation/22.0.2+9-70"} created with settings MongoClientSettings{readPreference=primary, writeConcern=WriteConcern{w=majority, wTimeout=null ms, journal=null}, retryWrites=true, retryReads=true, readConcern=ReadConcern{level=null}, credential=MongoCredential{mechanism=null, userName='admin', source='admin', password=<hidden>, mechanismProperties=<hidden>}, transportSettings=null, commandListeners=[], codecRegistry=ProvidersCodecRegistry{codecProviders=[ValueCodecProvider{}, BsonValueCodecProvider{}, DBRefCodecProvider{}, DBObjectCodecProvider{}, DocumentCodecProvider{}, CollectionCodecProvider{}, IterableCodecProvider{}, MapCodecProvider{}, GeoJsonCodecProvider{}, GridFSFileCodecProvider{}, Jsr310CodecProvider{}, JsonObjectCodecProvider{}, BsonCodecProvider{}, EnumCodecProvider{}, com.mongodb.client.model.mql.ExpressionCodecProvider@322ba549, com.mongodb.Jep395RecordCodecProvider@502a4156, com.mongodb.KotlinCodecProvider@5416f8db]}, loggerSettings=LoggerSettings{maxDocumentLength=1000}, clusterSettings={hosts=[127.0.0.1:27017], srvHost=database.hqc4q.mongodb.net, srvServiceName=mongodb, mode=MULTIPLE, requiredClusterType=REPLICA_SET, requiredReplicaSetName='atlas-c1aj6p-shard-0', serverSelector='null', clusterListeners='[]', serverSelectionTimeout='30000 ms', localThreshold='15 ms'}, socketSettings=SocketSettings{connectTimeoutMS=10000, readTimeoutMS=0, receiveBufferSize=0, proxySettings=ProxySettings{host=null, port=null, username=null, password=null}}, heartbeatSocketSettings=SocketSettings{connectTimeoutMS=10000, readTimeoutMS=10000, receiveBufferSize=0, proxySettings=ProxySettings{host=null, port=null, username=null, password=null}}, connectionPoolSettings=ConnectionPoolSettings{maxSize=100, minSize=0, maxWaitTimeMS=120000, maxConnectionLifeTimeMS=0, maxConnectionIdleTimeMS=0, maintenanceInitialDelayMS=0, maintenanceFrequencyMS=60000, connectionPoolListeners=[], maxConnecting=2}, serverSettings=ServerSettings{heartbeatFrequencyMS=10000, minHeartbeatFrequencyMS=500, serverListeners='[]', serverMonitorListeners='[]'}, sslSettings=SslSettings{enabled=true, invalidHostNameAllowed=false, context=null}, applicationName='Database', compressorList=[], uuidRepresentation=JAVA_LEGACY, serverApi=null, autoEncryptionSettings=null, dnsClient=null, inetAddressResolver=null, contextProvider=null}
2024-09-16T12:49:51.336-03:00  INFO 4084 --- [Prova] [c4q.mongodb.net] org.mongodb.driver.cluster               : Adding discovered server database-shard-00-02.hqc4q.mongodb.net:27017 to client view of cluster
2024-09-16T12:49:51.346-03:00  INFO 4084 --- [Prova] [c4q.mongodb.net] org.mongodb.driver.cluster               : Adding discovered server database-shard-00-00.hqc4q.mongodb.net:27017 to client view of cluster
2024-09-16T12:49:51.347-03:00  INFO 4084 --- [Prova] [c4q.mongodb.net] org.mongodb.driver.cluster               : Adding discovered server database-shard-00-01.hqc4q.mongodb.net:27017 to client view of cluster
2024-09-16T12:49:51.614-03:00  INFO 4084 --- [Prova] [ngodb.net:27017] org.mongodb.driver.cluster               : Monitor thread successfully connected to server with description ServerDescription{address=database-shard-00-01.hqc4q.mongodb.net:27017, type=REPLICA_SET_SECONDARY, state=CONNECTED, ok=true, minWireVersion=0, maxWireVersion=21, maxDocumentSize=16777216, logicalSessionTimeoutMinutes=30, roundTripTimeNanos=158813625, setName='atlas-c1aj6p-shard-0', canonicalAddress=database-shard-00-01.hqc4q.mongodb.net:27017, hosts=[database-shard-00-00.hqc4q.mongodb.net:27017, database-shard-00-02.hqc4q.mongodb.net:27017, database-shard-00-01.hqc4q.mongodb.net:27017], passives=[], arbiters=[], primary='database-shard-00-02.hqc4q.mongodb.net:27017', tagSet=TagSet{[Tag{name='availabilityZone', value='sae1-az3'}, Tag{name='diskState', value='READY'}, Tag{name='nodeType', value='ELECTABLE'}, Tag{name='provider', value='AWS'}, Tag{name='region', value='SA_EAST_1'}, Tag{name='workloadType', value='OPERATIONAL'}]}, electionId=null, setVersion=6, topologyVersion=TopologyVersion{processId=66c8c4f8c3cfe49122932189, counter=3}, lastWriteDate=Mon Sep 16 12:49:51 BRT 2024, lastUpdateTimeNanos=10720600865708}
2024-09-16T12:49:51.614-03:00  INFO 4084 --- [Prova] [ngodb.net:27017] org.mongodb.driver.cluster               : Monitor thread successfully connected to server with description ServerDescription{address=database-shard-00-02.hqc4q.mongodb.net:27017, type=REPLICA_SET_PRIMARY, state=CONNECTED, ok=true, minWireVersion=0, maxWireVersion=21, maxDocumentSize=16777216, logicalSessionTimeoutMinutes=30, roundTripTimeNanos=159425708, setName='atlas-c1aj6p-shard-0', canonicalAddress=database-shard-00-02.hqc4q.mongodb.net:27017, hosts=[database-shard-00-00.hqc4q.mongodb.net:27017, database-shard-00-02.hqc4q.mongodb.net:27017, database-shard-00-01.hqc4q.mongodb.net:27017], passives=[], arbiters=[], primary='database-shard-00-02.hqc4q.mongodb.net:27017', tagSet=TagSet{[Tag{name='availabilityZone', value='sae1-az2'}, Tag{name='diskState', value='READY'}, Tag{name='nodeType', value='ELECTABLE'}, Tag{name='provider', value='AWS'}, Tag{name='region', value='SA_EAST_1'}, Tag{name='workloadType', value='OPERATIONAL'}]}, electionId=7fffffff00000000000000b8, setVersion=6, topologyVersion=TopologyVersion{processId=66c8c35806c591ced7f3639a, counter=6}, lastWriteDate=Mon Sep 16 12:49:51 BRT 2024, lastUpdateTimeNanos=10720600909000}
2024-09-16T12:49:51.614-03:00  INFO 4084 --- [Prova] [ngodb.net:27017] org.mongodb.driver.cluster               : Monitor thread successfully connected to server with description ServerDescription{address=database-shard-00-00.hqc4q.mongodb.net:27017, type=REPLICA_SET_SECONDARY, state=CONNECTED, ok=true, minWireVersion=0, maxWireVersion=21, maxDocumentSize=16777216, logicalSessionTimeoutMinutes=30, roundTripTimeNanos=160508375, setName='atlas-c1aj6p-shard-0', canonicalAddress=database-shard-00-00.hqc4q.mongodb.net:27017, hosts=[database-shard-00-00.hqc4q.mongodb.net:27017, database-shard-00-02.hqc4q.mongodb.net:27017, database-shard-00-01.hqc4q.mongodb.net:27017], passives=[], arbiters=[], primary='database-shard-00-02.hqc4q.mongodb.net:27017', tagSet=TagSet{[Tag{name='availabilityZone', value='sae1-az1'}, Tag{name='diskState', value='READY'}, Tag{name='nodeType', value='ELECTABLE'}, Tag{name='provider', value='AWS'}, Tag{name='region', value='SA_EAST_1'}, Tag{name='workloadType', value='OPERATIONAL'}]}, electionId=null, setVersion=6, topologyVersion=TopologyVersion{processId=66c8c13a52eb8f667419f616, counter=4}, lastWriteDate=Mon Sep 16 12:49:51 BRT 2024, lastUpdateTimeNanos=10720600865666}
2024-09-16T12:49:51.615-03:00  INFO 4084 --- [Prova] [ngodb.net:27017] org.mongodb.driver.cluster               : Discovered replica set primary database-shard-00-02.hqc4q.mongodb.net:27017 with max election id 7fffffff00000000000000b8 and max set version 6
2024-09-16T12:49:51.643-03:00  INFO 4084 --- [Prova] [           main] br.Insper.Prova.ProvaApplicationTests    : Started ProvaApplicationTests in 0.866 seconds (process running for 1.237)
]]></system-out>
    <system-err><![CDATA[WARNING: A Java agent has been loaded dynamically (/Users/gabrielmendes/.m2/repository/net/bytebuddy/byte-buddy-agent/1.14.19/byte-buddy-agent-1.14.19.jar)
WARNING: If a serviceability tool is in use, please run with -XX:+EnableDynamicAgentLoading to hide this warning
WARNING: If a serviceability tool is not in use, please run with -Djdk.instrument.traceUsage for more information
WARNING: Dynamic loading of agents will be disallowed by default in a future release
]]></system-err>
  </testcase>
</testsuite>